Started GET "/api/session" for 127.0.0.1 at 2023-02-06 16:12:26 -0500
  [1m[36mActiveRecord::SchemaMigration Pluck (0.2ms)[0m  [1m[34mSELECT "schema_migrations"."version" FROM "schema_migrations" ORDER BY "schema_migrations"."version" ASC[0m
Processing by Api::SessionsController#show as JSON
  [1m[36mUser Load (0.2ms)[0m  [1m[34mSELECT "users".* FROM "users" WHERE "users"."session_token" IS NULL LIMIT $1[0m  [["LIMIT", 1]]
  ↳ app/controllers/application_controller.rb:12:in `current_user'
Completed 200 OK in 7ms (Views: 0.2ms | ActiveRecord: 1.1ms | Allocations: 5366)


Started GET "/api/session" for 127.0.0.1 at 2023-02-06 16:32:31 -0500
  [1m[36mActiveRecord::SchemaMigration Pluck (0.4ms)[0m  [1m[34mSELECT "schema_migrations"."version" FROM "schema_migrations" ORDER BY "schema_migrations"."version" ASC[0m
Processing by Api::SessionsController#show as JSON
  [1m[36mUser Load (0.2ms)[0m  [1m[34mSELECT "users".* FROM "users" WHERE "users"."session_token" IS NULL LIMIT $1[0m  [["LIMIT", 1]]
  ↳ app/controllers/application_controller.rb:12:in `current_user'
Completed 200 OK in 7ms (Views: 0.1ms | ActiveRecord: 1.3ms | Allocations: 5481)


Started GET "/api/session" for 127.0.0.1 at 2023-02-06 16:36:45 -0500
Processing by Api::SessionsController#show as JSON
  [1m[36mUser Load (0.1ms)[0m  [1m[34mSELECT "users".* FROM "users" WHERE "users"."session_token" IS NULL LIMIT $1[0m  [["LIMIT", 1]]
  ↳ app/controllers/application_controller.rb:12:in `current_user'
Completed 200 OK in 2ms (Views: 0.1ms | ActiveRecord: 0.1ms | Allocations: 1151)


Started GET "/api/session" for 127.0.0.1 at 2023-02-06 16:37:35 -0500
Processing by Api::SessionsController#show as JSON
  [1m[36mUser Load (0.2ms)[0m  [1m[34mSELECT "users".* FROM "users" WHERE "users"."session_token" IS NULL LIMIT $1[0m  [["LIMIT", 1]]
  ↳ app/controllers/application_controller.rb:12:in `current_user'
Completed 200 OK in 2ms (Views: 0.1ms | ActiveRecord: 0.2ms | Allocations: 1091)


Started GET "/signup" for 127.0.0.1 at 2023-02-06 16:38:18 -0500
Processing by StaticPagesController#frontend_index as */*
  Parameters: {"path"=>"signup"}
  Rendering public/index.html
  Rendered public/index.html (Duration: 0.0ms | Allocations: 14)
Completed 200 OK in 4ms (Views: 4.0ms | ActiveRecord: 0.0ms | Allocations: 1889)


Started GET "/api/session" for 127.0.0.1 at 2023-02-06 16:40:12 -0500
Processing by Api::SessionsController#show as JSON
  [1m[36mUser Load (0.2ms)[0m  [1m[34mSELECT "users".* FROM "users" WHERE "users"."session_token" IS NULL LIMIT $1[0m  [["LIMIT", 1]]
  ↳ app/controllers/application_controller.rb:12:in `current_user'
Completed 200 OK in 2ms (Views: 0.1ms | ActiveRecord: 0.2ms | Allocations: 1293)


Started POST "/api/session" for 127.0.0.1 at 2023-02-06 16:40:27 -0500
Processing by Api::SessionsController#create as JSON
  Parameters: {"credential"=>"rexqu20000@gmail.com", "password"=>"[FILTERED]", "session"=>{"credential"=>"rexqu20000@gmail.com", "password"=>"[FILTERED]"}}
  [1m[36mUser Load (0.3ms)[0m  [1m[34mSELECT "users".* FROM "users" WHERE "users"."email" = $1 LIMIT $2[0m  [["email", "rexqu20000@gmail.com"], ["LIMIT", 1]]
  ↳ app/models/user.rb:19:in `find_by_credentials'
Completed 401 Unauthorized in 3ms (Views: 0.1ms | ActiveRecord: 0.3ms | Allocations: 1821)


Started POST "/api/session" for 127.0.0.1 at 2023-02-06 16:40:32 -0500
Processing by Api::SessionsController#create as JSON
  Parameters: {"credential"=>"rexqu20000@gmail.com", "password"=>"[FILTERED]", "session"=>{"credential"=>"rexqu20000@gmail.com", "password"=>"[FILTERED]"}}
  [1m[36mUser Load (0.3ms)[0m  [1m[34mSELECT "users".* FROM "users" WHERE "users"."email" = $1 LIMIT $2[0m  [["email", "rexqu20000@gmail.com"], ["LIMIT", 1]]
  ↳ app/models/user.rb:19:in `find_by_credentials'
Completed 401 Unauthorized in 2ms (Views: 0.2ms | ActiveRecord: 0.3ms | Allocations: 956)


Started GET "/api/session" for 127.0.0.1 at 2023-02-06 16:41:20 -0500
Processing by Api::SessionsController#show as JSON
  [1m[36mUser Load (0.2ms)[0m  [1m[34mSELECT "users".* FROM "users" WHERE "users"."session_token" IS NULL LIMIT $1[0m  [["LIMIT", 1]]
  ↳ app/controllers/application_controller.rb:12:in `current_user'
Completed 200 OK in 2ms (Views: 0.1ms | ActiveRecord: 0.2ms | Allocations: 1064)


  [1m[36mActiveRecord::SchemaMigration Pluck (0.5ms)[0m  [1m[34mSELECT "schema_migrations"."version" FROM "schema_migrations" ORDER BY "schema_migrations"."version" ASC[0m
  [1m[36mActiveRecord::SchemaMigration Pluck (0.3ms)[0m  [1m[34mSELECT "schema_migrations"."version" FROM "schema_migrations" ORDER BY "schema_migrations"."version" ASC[0m
  [1m[36mActiveRecord::SchemaMigration Pluck (0.1ms)[0m  [1m[34mSELECT "schema_migrations"."version" FROM "schema_migrations" ORDER BY "schema_migrations"."version" ASC[0m
  [1m[35m (0.1ms)[0m  [1m[34mSELECT pg_try_advisory_lock(4817302096878697020)[0m
  [1m[36mActiveRecord::SchemaMigration Pluck (0.1ms)[0m  [1m[34mSELECT "schema_migrations"."version" FROM "schema_migrations" ORDER BY "schema_migrations"."version" ASC[0m
Migrating to CreateUsers (20211214193737)
  [1m[36mTRANSACTION (0.2ms)[0m  [1m[35mBEGIN[0m
  [1m[35m (0.9ms)[0m  [1m[35mDROP TABLE "users"[0m
  [1m[36mActiveRecord::SchemaMigration Delete All (0.3ms)[0m  [1m[31mDELETE FROM "schema_migrations" WHERE "schema_migrations"."version" = $1[0m  [["version", "20211214193737"]]
  [1m[36mTRANSACTION (2.6ms)[0m  [1m[35mCOMMIT[0m
  [1m[35m (0.2ms)[0m  [1m[34mSELECT pg_advisory_unlock(4817302096878697020)[0m
  [1m[36mActiveRecord::SchemaMigration Pluck (0.2ms)[0m  [1m[34mSELECT "schema_migrations"."version" FROM "schema_migrations" ORDER BY "schema_migrations"."version" ASC[0m
  [1m[36mActiveRecord::SchemaMigration Pluck (0.4ms)[0m  [1m[34mSELECT "schema_migrations"."version" FROM "schema_migrations" ORDER BY "schema_migrations"."version" ASC[0m
  [1m[36mActiveRecord::SchemaMigration Pluck (0.2ms)[0m  [1m[34mSELECT "schema_migrations"."version" FROM "schema_migrations" ORDER BY "schema_migrations"."version" ASC[0m
  [1m[35m (0.4ms)[0m  [1m[34mSELECT pg_try_advisory_lock(4817302096878697020)[0m
  [1m[36mActiveRecord::SchemaMigration Pluck (0.3ms)[0m  [1m[34mSELECT "schema_migrations"."version" FROM "schema_migrations" ORDER BY "schema_migrations"."version" ASC[0m
  [1m[35m (0.4ms)[0m  [1m[34mSELECT pg_advisory_unlock(4817302096878697020)[0m
  [1m[36mActiveRecord::SchemaMigration Pluck (0.6ms)[0m  [1m[34mSELECT "schema_migrations"."version" FROM "schema_migrations" ORDER BY "schema_migrations"."version" ASC[0m
  [1m[35m (0.1ms)[0m  [1m[34mSELECT pg_try_advisory_lock(4817302096878697020)[0m
  [1m[36mActiveRecord::SchemaMigration Pluck (0.4ms)[0m  [1m[34mSELECT "schema_migrations"."version" FROM "schema_migrations" ORDER BY "schema_migrations"."version" ASC[0m
Migrating to CreateUsers (20211214193737)
  [1m[36mTRANSACTION (0.2ms)[0m  [1m[35mBEGIN[0m
  [1m[35m (8.0ms)[0m  [1m[35mCREATE TABLE "users" ("id" bigserial primary key, "email" character varying NOT NULL, "password_digest" character varying NOT NULL, "session_token" character varying NOT NULL, "zipcode" character varying NOT NULL, "fname" character varying NOT NULL, "lname" character varying NOT NULL, "created_at" timestamp(6) NOT NULL, "updated_at" timestamp(6) NOT NULL)[0m
  [1m[36mActiveRecord::SchemaMigration Create (0.4ms)[0m  [1m[32mINSERT INTO "schema_migrations" ("version") VALUES ($1) RETURNING "version"[0m  [["version", "20211214193737"]]
  [1m[36mTRANSACTION (1.6ms)[0m  [1m[35mCOMMIT[0m
  [1m[36mActiveRecord::InternalMetadata Load (0.3ms)[0m  [1m[34mSELECT "ar_internal_metadata".* FROM "ar_internal_metadata" WHERE "ar_internal_metadata"."key" = $1 LIMIT $2[0m  [["key", "environment"], ["LIMIT", 1]]
  [1m[35m (0.2ms)[0m  [1m[34mSELECT pg_advisory_unlock(4817302096878697020)[0m
  [1m[36mActiveRecord::SchemaMigration Pluck (0.2ms)[0m  [1m[34mSELECT "schema_migrations"."version" FROM "schema_migrations" ORDER BY "schema_migrations"."version" ASC[0m
Started GET "/api/session" for 127.0.0.1 at 2023-02-06 16:43:35 -0500
  [1m[36mActiveRecord::SchemaMigration Pluck (0.5ms)[0m  [1m[34mSELECT "schema_migrations"."version" FROM "schema_migrations" ORDER BY "schema_migrations"."version" ASC[0m
Processing by Api::SessionsController#show as JSON
  [1m[36mUser Load (0.3ms)[0m  [1m[34mSELECT "users".* FROM "users" WHERE "users"."session_token" IS NULL LIMIT $1[0m  [["LIMIT", 1]]
  ↳ app/controllers/application_controller.rb:12:in `current_user'
Completed 200 OK in 7ms (Views: 0.2ms | ActiveRecord: 1.6ms | Allocations: 5317)


Started POST "/api/users" for 127.0.0.1 at 2023-02-06 16:44:02 -0500
Processing by Api::UsersController#create as JSON
  Parameters: {"email"=>"rexqu2000@gmail.com", "password"=>"[FILTERED]", "fname"=>"rex", "lname"=>"qu", "zipcode"=>"11355", "user"=>{"email"=>"rexqu2000@gmail.com", "zipcode"=>"11355", "fname"=>"rex", "lname"=>"qu", "password"=>"[FILTERED]"}}
  [1m[36mTRANSACTION (0.2ms)[0m  [1m[35mBEGIN[0m
  ↳ app/models/user.rb:29:in `block in generate_unique_session_token'
  [1m[36mUser Exists? (0.3ms)[0m  [1m[34mSELECT 1 AS one FROM "users" WHERE "users"."session_token" = $1 LIMIT $2[0m  [["session_token", "[FILTERED]"], ["LIMIT", 1]]
  ↳ app/models/user.rb:29:in `block in generate_unique_session_token'
  [1m[36mUser Exists? (0.2ms)[0m  [1m[34mSELECT 1 AS one FROM "users" WHERE "users"."email" = $1 LIMIT $2[0m  [["email", "rexqu2000@gmail.com"], ["LIMIT", 1]]
  ↳ app/controllers/api/users_controller.rb:7:in `create'
  [1m[36mCACHE User Exists? (0.0ms)[0m  [1m[34mSELECT 1 AS one FROM "users" WHERE "users"."session_token" = $1 LIMIT $2[0m  [["session_token", "[FILTERED]"], ["LIMIT", 1]]
  ↳ app/controllers/api/users_controller.rb:7:in `create'
  [1m[36mUser Create (0.3ms)[0m  [1m[32mINSERT INTO "users" ("email", "password_digest", "session_token", "zipcode", "fname", "lname", "created_at", "updated_at") VALUES ($1, $2, $3, $4, $5, $6, $7, $8) RETURNING "id"[0m  [["email", "rexqu2000@gmail.com"], ["password_digest", "[FILTERED]"], ["session_token", "[FILTERED]"], ["zipcode", "11355"], ["fname", "rex"], ["lname", "qu"], ["created_at", "2023-02-06 21:44:02.254114"], ["updated_at", "2023-02-06 21:44:02.254114"]]
  ↳ app/controllers/api/users_controller.rb:7:in `create'
  [1m[36mTRANSACTION (3.1ms)[0m  [1m[35mCOMMIT[0m
  ↳ app/controllers/api/users_controller.rb:7:in `create'
  [1m[36mUser Exists? (0.2ms)[0m  [1m[34mSELECT 1 AS one FROM "users" WHERE "users"."session_token" = $1 LIMIT $2[0m  [["session_token", "[FILTERED]"], ["LIMIT", 1]]
  ↳ app/models/user.rb:29:in `block in generate_unique_session_token'
  [1m[36mTRANSACTION (0.2ms)[0m  [1m[35mBEGIN[0m
  ↳ app/models/user.rb:20:in `reset_session_token!'
  [1m[36mUser Exists? (0.2ms)[0m  [1m[34mSELECT 1 AS one FROM "users" WHERE "users"."email" = $1 AND "users"."id" != $2 LIMIT $3[0m  [["email", "rexqu2000@gmail.com"], ["id", 1], ["LIMIT", 1]]
  ↳ app/models/user.rb:20:in `reset_session_token!'
  [1m[36mUser Exists? (0.1ms)[0m  [1m[34mSELECT 1 AS one FROM "users" WHERE "users"."session_token" = $1 AND "users"."id" != $2 LIMIT $3[0m  [["session_token", "[FILTERED]"], ["id", 1], ["LIMIT", 1]]
  ↳ app/models/user.rb:20:in `reset_session_token!'
  [1m[36mUser Update (0.2ms)[0m  [1m[33mUPDATE "users" SET "session_token" = $1, "updated_at" = $2 WHERE "users"."id" = $3[0m  [["session_token", "[FILTERED]"], ["updated_at", "2023-02-06 21:44:02.261702"], ["id", 1]]
  ↳ app/models/user.rb:20:in `reset_session_token!'
  [1m[36mTRANSACTION (1.1ms)[0m  [1m[35mCOMMIT[0m
  ↳ app/models/user.rb:20:in `reset_session_token!'
  Rendering api/users/show.json.jbuilder
  Rendered api/users/show.json.jbuilder (Duration: 0.5ms | Allocations: 627)
Completed 200 OK in 239ms (Views: 4.0ms | ActiveRecord: 8.3ms | Allocations: 18815)


Started DELETE "/api/session" for 127.0.0.1 at 2023-02-06 16:44:04 -0500
Processing by Api::SessionsController#destroy as JSON
  Parameters: {"session"=>{}}
  [1m[36mUser Load (0.4ms)[0m  [1m[34mSELECT "users".* FROM "users" WHERE "users"."session_token" = $1 LIMIT $2[0m  [["session_token", "[FILTERED]"], ["LIMIT", 1]]
  ↳ app/controllers/application_controller.rb:12:in `current_user'
  [1m[36mUser Exists? (0.5ms)[0m  [1m[34mSELECT 1 AS one FROM "users" WHERE "users"."session_token" = $1 LIMIT $2[0m  [["session_token", "[FILTERED]"], ["LIMIT", 1]]
  ↳ app/models/user.rb:29:in `block in generate_unique_session_token'
  [1m[36mTRANSACTION (0.3ms)[0m  [1m[35mBEGIN[0m
  ↳ app/models/user.rb:20:in `reset_session_token!'
  [1m[36mUser Exists? (0.4ms)[0m  [1m[34mSELECT 1 AS one FROM "users" WHERE "users"."email" = $1 AND "users"."id" != $2 LIMIT $3[0m  [["email", "rexqu2000@gmail.com"], ["id", 1], ["LIMIT", 1]]
  ↳ app/models/user.rb:20:in `reset_session_token!'
  [1m[36mUser Exists? (0.2ms)[0m  [1m[34mSELECT 1 AS one FROM "users" WHERE "users"."session_token" = $1 AND "users"."id" != $2 LIMIT $3[0m  [["session_token", "[FILTERED]"], ["id", 1], ["LIMIT", 1]]
  ↳ app/models/user.rb:20:in `reset_session_token!'
  [1m[36mUser Update (0.2ms)[0m  [1m[33mUPDATE "users" SET "session_token" = $1, "updated_at" = $2 WHERE "users"."id" = $3[0m  [["session_token", "[FILTERED]"], ["updated_at", "2023-02-06 21:44:04.459163"], ["id", 1]]
  ↳ app/models/user.rb:20:in `reset_session_token!'
  [1m[36mTRANSACTION (2.4ms)[0m  [1m[35mCOMMIT[0m
  ↳ app/models/user.rb:20:in `reset_session_token!'
Completed 200 OK in 16ms (Views: 0.1ms | ActiveRecord: 4.5ms | Allocations: 5569)


Started POST "/api/session" for 127.0.0.1 at 2023-02-06 16:44:10 -0500
Processing by Api::SessionsController#create as JSON
  Parameters: {"credential"=>"rexqu200@gmail.com", "password"=>"[FILTERED]", "session"=>{"credential"=>"rexqu200@gmail.com", "password"=>"[FILTERED]"}}
  [1m[36mUser Load (0.3ms)[0m  [1m[34mSELECT "users".* FROM "users" WHERE "users"."email" = $1 LIMIT $2[0m  [["email", "rexqu200@gmail.com"], ["LIMIT", 1]]
  ↳ app/models/user.rb:15:in `find_by_credentials'
Completed 401 Unauthorized in 4ms (Views: 0.2ms | ActiveRecord: 0.3ms | Allocations: 1059)


Started POST "/api/session" for 127.0.0.1 at 2023-02-06 16:44:14 -0500
Processing by Api::SessionsController#create as JSON
  Parameters: {"credential"=>"rexqu2000@gmail.com", "password"=>"[FILTERED]", "session"=>{"credential"=>"rexqu2000@gmail.com", "password"=>"[FILTERED]"}}
  [1m[36mUser Load (0.4ms)[0m  [1m[34mSELECT "users".* FROM "users" WHERE "users"."email" = $1 LIMIT $2[0m  [["email", "rexqu2000@gmail.com"], ["LIMIT", 1]]
  ↳ app/models/user.rb:15:in `find_by_credentials'
  [1m[36mUser Exists? (0.3ms)[0m  [1m[34mSELECT 1 AS one FROM "users" WHERE "users"."session_token" = $1 LIMIT $2[0m  [["session_token", "[FILTERED]"], ["LIMIT", 1]]
  ↳ app/models/user.rb:29:in `block in generate_unique_session_token'
  [1m[36mTRANSACTION (0.1ms)[0m  [1m[35mBEGIN[0m
  ↳ app/models/user.rb:20:in `reset_session_token!'
  [1m[36mUser Exists? (0.3ms)[0m  [1m[34mSELECT 1 AS one FROM "users" WHERE "users"."email" = $1 AND "users"."id" != $2 LIMIT $3[0m  [["email", "rexqu2000@gmail.com"], ["id", 1], ["LIMIT", 1]]
  ↳ app/models/user.rb:20:in `reset_session_token!'
  [1m[36mUser Exists? (0.2ms)[0m  [1m[34mSELECT 1 AS one FROM "users" WHERE "users"."session_token" = $1 AND "users"."id" != $2 LIMIT $3[0m  [["session_token", "[FILTERED]"], ["id", 1], ["LIMIT", 1]]
  ↳ app/models/user.rb:20:in `reset_session_token!'
  [1m[36mUser Update (0.2ms)[0m  [1m[33mUPDATE "users" SET "session_token" = $1, "updated_at" = $2 WHERE "users"."id" = $3[0m  [["session_token", "[FILTERED]"], ["updated_at", "2023-02-06 21:44:14.400076"], ["id", 1]]
  ↳ app/models/user.rb:20:in `reset_session_token!'
  [1m[36mTRANSACTION (2.6ms)[0m  [1m[35mCOMMIT[0m
  ↳ app/models/user.rb:20:in `reset_session_token!'
  Rendering api/users/show.json.jbuilder
  Rendered api/users/show.json.jbuilder (Duration: 0.2ms | Allocations: 286)
Completed 200 OK in 223ms (Views: 0.6ms | ActiveRecord: 4.1ms | Allocations: 5703)


Started DELETE "/api/session" for 127.0.0.1 at 2023-02-06 16:44:18 -0500
Processing by Api::SessionsController#destroy as JSON
  Parameters: {"session"=>{}}
  [1m[36mUser Load (0.3ms)[0m  [1m[34mSELECT "users".* FROM "users" WHERE "users"."session_token" = $1 LIMIT $2[0m  [["session_token", "[FILTERED]"], ["LIMIT", 1]]
  ↳ app/controllers/application_controller.rb:12:in `current_user'
  [1m[36mUser Exists? (0.5ms)[0m  [1m[34mSELECT 1 AS one FROM "users" WHERE "users"."session_token" = $1 LIMIT $2[0m  [["session_token", "[FILTERED]"], ["LIMIT", 1]]
  ↳ app/models/user.rb:29:in `block in generate_unique_session_token'
  [1m[36mTRANSACTION (0.2ms)[0m  [1m[35mBEGIN[0m
  ↳ app/models/user.rb:20:in `reset_session_token!'
  [1m[36mUser Exists? (0.6ms)[0m  [1m[34mSELECT 1 AS one FROM "users" WHERE "users"."email" = $1 AND "users"."id" != $2 LIMIT $3[0m  [["email", "rexqu2000@gmail.com"], ["id", 1], ["LIMIT", 1]]
  ↳ app/models/user.rb:20:in `reset_session_token!'
  [1m[36mUser Exists? (0.5ms)[0m  [1m[34mSELECT 1 AS one FROM "users" WHERE "users"."session_token" = $1 AND "users"."id" != $2 LIMIT $3[0m  [["session_token", "[FILTERED]"], ["id", 1], ["LIMIT", 1]]
  ↳ app/models/user.rb:20:in `reset_session_token!'
  [1m[36mUser Update (0.6ms)[0m  [1m[33mUPDATE "users" SET "session_token" = $1, "updated_at" = $2 WHERE "users"."id" = $3[0m  [["session_token", "[FILTERED]"], ["updated_at", "2023-02-06 21:44:18.164641"], ["id", 1]]
  ↳ app/models/user.rb:20:in `reset_session_token!'
  [1m[36mTRANSACTION (3.5ms)[0m  [1m[35mCOMMIT[0m
  ↳ app/models/user.rb:20:in `reset_session_token!'
Completed 200 OK in 18ms (Views: 0.2ms | ActiveRecord: 6.1ms | Allocations: 5337)


Started GET "/api/session" for 127.0.0.1 at 2023-02-06 16:46:45 -0500
Processing by Api::SessionsController#show as JSON
  [1m[36mUser Load (0.3ms)[0m  [1m[34mSELECT "users".* FROM "users" WHERE "users"."session_token" IS NULL LIMIT $1[0m  [["LIMIT", 1]]
  ↳ app/controllers/application_controller.rb:12:in `current_user'
Completed 200 OK in 2ms (Views: 0.1ms | ActiveRecord: 0.3ms | Allocations: 1068)


Started GET "/api/session" for 127.0.0.1 at 2023-02-06 16:48:00 -0500
Processing by Api::SessionsController#show as JSON
  [1m[36mUser Load (0.1ms)[0m  [1m[34mSELECT "users".* FROM "users" WHERE "users"."session_token" IS NULL LIMIT $1[0m  [["LIMIT", 1]]
  ↳ app/controllers/application_controller.rb:12:in `current_user'
Completed 200 OK in 1ms (Views: 0.1ms | ActiveRecord: 0.1ms | Allocations: 1066)


Started GET "/api/session" for 127.0.0.1 at 2023-02-06 16:50:08 -0500
Processing by Api::SessionsController#show as JSON
  [1m[36mUser Load (0.2ms)[0m  [1m[34mSELECT "users".* FROM "users" WHERE "users"."session_token" IS NULL LIMIT $1[0m  [["LIMIT", 1]]
  ↳ app/controllers/application_controller.rb:12:in `current_user'
Completed 200 OK in 2ms (Views: 0.1ms | ActiveRecord: 0.2ms | Allocations: 1080)


